Started GET "/activities" for 127.0.0.1 at 2019-10-16 18:07:23 -0300
  [1m[35m (1.2ms)[0m  [1m[34mSELECT "schema_migrations"."version" FROM "schema_migrations" ORDER BY "schema_migrations"."version" ASC[0m
  ↳ /home/lucas/.rbenv/versions/2.5.1/lib/ruby/gems/2.5.0/gems/activerecord-5.2.1/lib/active_record/log_subscriber.rb:98
Processing by ActivitiesController#index as HTML
  [1m[36mUser Load (1.8ms)[0m  [1m[34mSELECT  "users".* FROM "users" WHERE "users"."id" = $1 ORDER BY "users"."id" ASC LIMIT $2[0m  [["id", 2], ["LIMIT", 1]]
  ↳ /home/lucas/.rbenv/versions/2.5.1/lib/ruby/gems/2.5.0/gems/activerecord-5.2.1/lib/active_record/log_subscriber.rb:98
  [1m[35m (4.1ms)[0m  [1m[34mSELECT COUNT(*) FROM "activities" WHERE (nome_usuario = 'teste')[0m
  ↳ app/controllers/activities_controller.rb:27
  Rendering activities/index.html.erb within layouts/application
  [1m[36mActivity Load (1.3ms)[0m  [1m[34mSELECT "activities".* FROM "activities" WHERE "activities"."user_id" = $1 AND (titulo LIKE '%%' OR status LIKE '%%' OR relatorio LIKE '%%' OR edited_by LIKE '%%' OR nome_grupo LIKE '%%' OR local_realizacao_atividade LIKE '%%' OR relatorio LIKE '%%' OR status LIKE '%%' OR feedback LIKE '%%' OR edited_by LIKE '%%' OR nome_do_evento LIKE '%%') ORDER BY "activities"."status" DESC[0m  [["user_id", 2]]
  ↳ app/views/activities/index.html.erb:156
  Rendered activities/index.html.erb within layouts/application (145.2ms)
Completed 200 OK in 2379ms (Views: 2139.7ms | ActiveRecord: 25.0ms)


Started GET "/activities" for 127.0.0.1 at 2019-10-16 18:08:41 -0300
Processing by ActivitiesController#index as HTML
  [1m[36mUser Load (4.6ms)[0m  [1m[34mSELECT  "users".* FROM "users" WHERE "users"."id" = $1 ORDER BY "users"."id" ASC LIMIT $2[0m  [["id", 2], ["LIMIT", 1]]
  ↳ /home/lucas/.rbenv/versions/2.5.1/lib/ruby/gems/2.5.0/gems/activerecord-5.2.1/lib/active_record/log_subscriber.rb:98
  [1m[35m (3.7ms)[0m  [1m[34mSELECT COUNT(*) FROM "activities" WHERE (nome_usuario = 'teste')[0m
  ↳ app/controllers/activities_controller.rb:27
  Rendering activities/index.html.erb within layouts/application
  [1m[36mActivity Load (2.3ms)[0m  [1m[34mSELECT "activities".* FROM "activities" WHERE "activities"."user_id" = $1 AND (titulo LIKE '%%' OR status LIKE '%%' OR relatorio LIKE '%%' OR edited_by LIKE '%%' OR nome_grupo LIKE '%%' OR local_realizacao_atividade LIKE '%%' OR relatorio LIKE '%%' OR status LIKE '%%' OR feedback LIKE '%%' OR edited_by LIKE '%%' OR nome_do_evento LIKE '%%') ORDER BY "activities"."status" DESC[0m  [["user_id", 2]]
  ↳ app/views/activities/index.html.erb:156
  Rendered activities/index.html.erb within layouts/application (12.1ms)
Completed 200 OK in 136ms (Views: 113.9ms | ActiveRecord: 10.6ms)


Started GET "/activities" for 127.0.0.1 at 2019-10-16 18:08:49 -0300
Processing by ActivitiesController#index as HTML
  [1m[36mUser Load (1.8ms)[0m  [1m[34mSELECT  "users".* FROM "users" WHERE "users"."id" = $1 ORDER BY "users"."id" ASC LIMIT $2[0m  [["id", 2], ["LIMIT", 1]]
  ↳ /home/lucas/.rbenv/versions/2.5.1/lib/ruby/gems/2.5.0/gems/activerecord-5.2.1/lib/active_record/log_subscriber.rb:98
  [1m[35m (1.2ms)[0m  [1m[34mSELECT COUNT(*) FROM "activities" WHERE (nome_usuario = 'teste')[0m
  ↳ app/controllers/activities_controller.rb:27
  Rendering activities/index.html.erb within layouts/application
  [1m[36mActivity Load (1.5ms)[0m  [1m[34mSELECT "activities".* FROM "activities" WHERE "activities"."user_id" = $1 AND (titulo LIKE '%%' OR status LIKE '%%' OR relatorio LIKE '%%' OR edited_by LIKE '%%' OR nome_grupo LIKE '%%' OR local_realizacao_atividade LIKE '%%' OR relatorio LIKE '%%' OR status LIKE '%%' OR feedback LIKE '%%' OR edited_by LIKE '%%' OR nome_do_evento LIKE '%%') ORDER BY "activities"."status" DESC[0m  [["user_id", 2]]
  ↳ app/views/activities/index.html.erb:156
  Rendered activities/index.html.erb within layouts/application (9.6ms)
Completed 200 OK in 98ms (Views: 87.8ms | ActiveRecord: 4.5ms)


Started GET "/activities" for 127.0.0.1 at 2019-10-16 18:08:50 -0300
Processing by ActivitiesController#index as HTML
  [1m[36mUser Load (0.7ms)[0m  [1m[34mSELECT  "users".* FROM "users" WHERE "users"."id" = $1 ORDER BY "users"."id" ASC LIMIT $2[0m  [["id", 2], ["LIMIT", 1]]
  ↳ /home/lucas/.rbenv/versions/2.5.1/lib/ruby/gems/2.5.0/gems/activerecord-5.2.1/lib/active_record/log_subscriber.rb:98
  [1m[35m (1.3ms)[0m  [1m[34mSELECT COUNT(*) FROM "activities" WHERE (nome_usuario = 'teste')[0m
  ↳ app/controllers/activities_controller.rb:27
  Rendering activities/index.html.erb within layouts/application
  [1m[36mActivity Load (0.8ms)[0m  [1m[34mSELECT "activities".* FROM "activities" WHERE "activities"."user_id" = $1 AND (titulo LIKE '%%' OR status LIKE '%%' OR relatorio LIKE '%%' OR edited_by LIKE '%%' OR nome_grupo LIKE '%%' OR local_realizacao_atividade LIKE '%%' OR relatorio LIKE '%%' OR status LIKE '%%' OR feedback LIKE '%%' OR edited_by LIKE '%%' OR nome_do_evento LIKE '%%') ORDER BY "activities"."status" DESC[0m  [["user_id", 2]]
  ↳ app/views/activities/index.html.erb:156
  Rendered activities/index.html.erb within layouts/application (13.5ms)
Completed 200 OK in 128ms (Views: 112.2ms | ActiveRecord: 2.7ms)


Started GET "/activities" for 127.0.0.1 at 2019-10-16 18:09:08 -0300
Processing by ActivitiesController#index as HTML
  [1m[36mUser Load (1.4ms)[0m  [1m[34mSELECT  "users".* FROM "users" WHERE "users"."id" = $1 ORDER BY "users"."id" ASC LIMIT $2[0m  [["id", 2], ["LIMIT", 1]]
  ↳ /home/lucas/.rbenv/versions/2.5.1/lib/ruby/gems/2.5.0/gems/activerecord-5.2.1/lib/active_record/log_subscriber.rb:98
  [1m[35m (1.5ms)[0m  [1m[34mSELECT COUNT(*) FROM "activities" WHERE (nome_usuario = 'teste')[0m
  ↳ app/controllers/activities_controller.rb:27
  Rendering activities/index.html.erb within layouts/application
  [1m[36mActivity Load (1.4ms)[0m  [1m[34mSELECT "activities".* FROM "activities" WHERE "activities"."user_id" = $1 AND (titulo LIKE '%%' OR status LIKE '%%' OR relatorio LIKE '%%' OR edited_by LIKE '%%' OR nome_grupo LIKE '%%' OR local_realizacao_atividade LIKE '%%' OR relatorio LIKE '%%' OR status LIKE '%%' OR feedback LIKE '%%' OR edited_by LIKE '%%' OR nome_do_evento LIKE '%%') ORDER BY "activities"."status" DESC[0m  [["user_id", 2]]
  ↳ app/views/activities/index.html.erb:156
  Rendered activities/index.html.erb within layouts/application (13.0ms)
Completed 200 OK in 123ms (Views: 111.8ms | ActiveRecord: 4.4ms)


Started GET "/activities" for 127.0.0.1 at 2019-10-16 18:09:09 -0300
Processing by ActivitiesController#index as HTML
  [1m[36mUser Load (0.7ms)[0m  [1m[34mSELECT  "users".* FROM "users" WHERE "users"."id" = $1 ORDER BY "users"."id" ASC LIMIT $2[0m  [["id", 2], ["LIMIT", 1]]
  ↳ /home/lucas/.rbenv/versions/2.5.1/lib/ruby/gems/2.5.0/gems/activerecord-5.2.1/lib/active_record/log_subscriber.rb:98
  [1m[35m (6.2ms)[0m  [1m[34mSELECT COUNT(*) FROM "activities" WHERE (nome_usuario = 'teste')[0m
  ↳ app/controllers/activities_controller.rb:27
  Rendering activities/index.html.erb within layouts/application
  [1m[36mActivity Load (6.0ms)[0m  [1m[34mSELECT "activities".* FROM "activities" WHERE "activities"."user_id" = $1 AND (titulo LIKE '%%' OR status LIKE '%%' OR relatorio LIKE '%%' OR edited_by LIKE '%%' OR nome_grupo LIKE '%%' OR local_realizacao_atividade LIKE '%%' OR relatorio LIKE '%%' OR status LIKE '%%' OR feedback LIKE '%%' OR edited_by LIKE '%%' OR nome_do_evento LIKE '%%') ORDER BY "activities"."status" DESC[0m  [["user_id", 2]]
  ↳ app/views/activities/index.html.erb:156
  Rendered activities/index.html.erb within layouts/application (16.9ms)
Completed 200 OK in 133ms (Views: 114.0ms | ActiveRecord: 13.0ms)


Started GET "/activities" for 127.0.0.1 at 2019-10-16 18:09:18 -0300
Processing by ActivitiesController#index as HTML
  [1m[36mUser Load (2.0ms)[0m  [1m[34mSELECT  "users".* FROM "users" WHERE "users"."id" = $1 ORDER BY "users"."id" ASC LIMIT $2[0m  [["id", 2], ["LIMIT", 1]]
  ↳ /home/lucas/.rbenv/versions/2.5.1/lib/ruby/gems/2.5.0/gems/activerecord-5.2.1/lib/active_record/log_subscriber.rb:98
  [1m[35m (1.2ms)[0m  [1m[34mSELECT COUNT(*) FROM "activities" WHERE (nome_usuario = 'teste')[0m
  ↳ app/controllers/activities_controller.rb:27
  Rendering activities/index.html.erb within layouts/application
  [1m[36mActivity Load (1.5ms)[0m  [1m[34mSELECT "activities".* FROM "activities" WHERE "activities"."user_id" = $1 AND (titulo LIKE '%%' OR status LIKE '%%' OR relatorio LIKE '%%' OR edited_by LIKE '%%' OR nome_grupo LIKE '%%' OR local_realizacao_atividade LIKE '%%' OR relatorio LIKE '%%' OR status LIKE '%%' OR feedback LIKE '%%' OR edited_by LIKE '%%' OR nome_do_evento LIKE '%%') ORDER BY "activities"."status" DESC[0m  [["user_id", 2]]
  ↳ app/views/activities/index.html.erb:156
  Rendered activities/index.html.erb within layouts/application (11.6ms)
Completed 200 OK in 147ms (Views: 135.0ms | ActiveRecord: 4.8ms)


Started GET "/activities" for 127.0.0.1 at 2019-10-16 18:09:22 -0300
Processing by ActivitiesController#index as HTML
  [1m[36mUser Load (0.9ms)[0m  [1m[34mSELECT  "users".* FROM "users" WHERE "users"."id" = $1 ORDER BY "users"."id" ASC LIMIT $2[0m  [["id", 2], ["LIMIT", 1]]
  ↳ /home/lucas/.rbenv/versions/2.5.1/lib/ruby/gems/2.5.0/gems/activerecord-5.2.1/lib/active_record/log_subscriber.rb:98
  [1m[35m (0.8ms)[0m  [1m[34mSELECT COUNT(*) FROM "activities" WHERE (nome_usuario = 'teste')[0m
  ↳ app/controllers/activities_controller.rb:27
  Rendering activities/index.html.erb within layouts/application
  [1m[36mActivity Load (2.0ms)[0m  [1m[34mSELECT "activities".* FROM "activities" WHERE "activities"."user_id" = $1 AND (titulo LIKE '%%' OR status LIKE '%%' OR relatorio LIKE '%%' OR edited_by LIKE '%%' OR nome_grupo LIKE '%%' OR local_realizacao_atividade LIKE '%%' OR relatorio LIKE '%%' OR status LIKE '%%' OR feedback LIKE '%%' OR edited_by LIKE '%%' OR nome_do_evento LIKE '%%') ORDER BY "activities"."status" DESC[0m  [["user_id", 2]]
  ↳ app/views/activities/index.html.erb:156
  Rendered activities/index.html.erb within layouts/application (11.4ms)
Completed 200 OK in 109ms (Views: 97.3ms | ActiveRecord: 3.7ms)


Started GET "/activities" for 127.0.0.1 at 2019-10-16 18:09:42 -0300
Processing by ActivitiesController#index as HTML
  [1m[36mUser Load (0.9ms)[0m  [1m[34mSELECT  "users".* FROM "users" WHERE "users"."id" = $1 ORDER BY "users"."id" ASC LIMIT $2[0m  [["id", 2], ["LIMIT", 1]]
  ↳ /home/lucas/.rbenv/versions/2.5.1/lib/ruby/gems/2.5.0/gems/activerecord-5.2.1/lib/active_record/log_subscriber.rb:98
  [1m[35m (0.8ms)[0m  [1m[34mSELECT COUNT(*) FROM "activities" WHERE (nome_usuario = 'teste')[0m
  ↳ app/controllers/activities_controller.rb:27
  Rendering activities/index.html.erb within layouts/application
  [1m[36mActivity Load (1.9ms)[0m  [1m[34mSELECT "activities".* FROM "activities" WHERE "activities"."user_id" = $1 AND (titulo LIKE '%%' OR status LIKE '%%' OR relatorio LIKE '%%' OR edited_by LIKE '%%' OR nome_grupo LIKE '%%' OR local_realizacao_atividade LIKE '%%' OR relatorio LIKE '%%' OR status LIKE '%%' OR feedback LIKE '%%' OR edited_by LIKE '%%' OR nome_do_evento LIKE '%%') ORDER BY "activities"."status" DESC[0m  [["user_id", 2]]
  ↳ app/views/activities/index.html.erb:156
  Rendered activities/index.html.erb within layouts/application (13.8ms)
Completed 200 OK in 117ms (Views: 103.3ms | ActiveRecord: 3.5ms)


Started GET "/activities" for 127.0.0.1 at 2019-10-16 18:09:53 -0300
Processing by ActivitiesController#index as HTML
  [1m[36mUser Load (0.9ms)[0m  [1m[34mSELECT  "users".* FROM "users" WHERE "users"."id" = $1 ORDER BY "users"."id" ASC LIMIT $2[0m  [["id", 2], ["LIMIT", 1]]
  ↳ /home/lucas/.rbenv/versions/2.5.1/lib/ruby/gems/2.5.0/gems/activerecord-5.2.1/lib/active_record/log_subscriber.rb:98
  [1m[35m (0.6ms)[0m  [1m[34mSELECT COUNT(*) FROM "activities" WHERE (nome_usuario = 'teste')[0m
  ↳ app/controllers/activities_controller.rb:27
  Rendering activities/index.html.erb within layouts/application
  [1m[36mActivity Load (0.8ms)[0m  [1m[34mSELECT "activities".* FROM "activities" WHERE "activities"."user_id" = $1 AND (titulo LIKE '%%' OR status LIKE '%%' OR relatorio LIKE '%%' OR edited_by LIKE '%%' OR nome_grupo LIKE '%%' OR local_realizacao_atividade LIKE '%%' OR relatorio LIKE '%%' OR status LIKE '%%' OR feedback LIKE '%%' OR edited_by LIKE '%%' OR nome_do_evento LIKE '%%') ORDER BY "activities"."status" DESC[0m  [["user_id", 2]]
  ↳ app/views/activities/index.html.erb:156
  Rendered activities/index.html.erb within layouts/application (10.0ms)
Completed 200 OK in 81ms (Views: 71.8ms | ActiveRecord: 2.3ms)


Started GET "/activities" for 127.0.0.1 at 2019-10-16 18:10:08 -0300
Processing by ActivitiesController#index as HTML
  [1m[36mUser Load (0.7ms)[0m  [1m[34mSELECT  "users".* FROM "users" WHERE "users"."id" = $1 ORDER BY "users"."id" ASC LIMIT $2[0m  [["id", 2], ["LIMIT", 1]]
  ↳ /home/lucas/.rbenv/versions/2.5.1/lib/ruby/gems/2.5.0/gems/activerecord-5.2.1/lib/active_record/log_subscriber.rb:98
  [1m[35m (0.6ms)[0m  [1m[34mSELECT COUNT(*) FROM "activities" WHERE (nome_usuario = 'teste')[0m
  ↳ app/controllers/activities_controller.rb:27
  Rendering activities/index.html.erb within layouts/application
  [1m[36mActivity Load (1.1ms)[0m  [1m[34mSELECT "activities".* FROM "activities" WHERE "activities"."user_id" = $1 AND (titulo LIKE '%%' OR status LIKE '%%' OR relatorio LIKE '%%' OR edited_by LIKE '%%' OR nome_grupo LIKE '%%' OR local_realizacao_atividade LIKE '%%' OR relatorio LIKE '%%' OR status LIKE '%%' OR feedback LIKE '%%' OR edited_by LIKE '%%' OR nome_do_evento LIKE '%%') ORDER BY "activities"."status" DESC[0m  [["user_id", 2]]
  ↳ app/views/activities/index.html.erb:156
  Rendered activities/index.html.erb within layouts/application (15.0ms)
Completed 200 OK in 128ms (Views: 114.8ms | ActiveRecord: 2.5ms)


Started GET "/activities" for 127.0.0.1 at 2019-10-16 18:10:23 -0300
Processing by ActivitiesController#index as HTML
  [1m[36mUser Load (1.1ms)[0m  [1m[34mSELECT  "users".* FROM "users" WHERE "users"."id" = $1 ORDER BY "users"."id" ASC LIMIT $2[0m  [["id", 2], ["LIMIT", 1]]
  ↳ /home/lucas/.rbenv/versions/2.5.1/lib/ruby/gems/2.5.0/gems/activerecord-5.2.1/lib/active_record/log_subscriber.rb:98
  [1m[35m (2.1ms)[0m  [1m[34mSELECT COUNT(*) FROM "activities" WHERE (nome_usuario = 'teste')[0m
  ↳ app/controllers/activities_controller.rb:27
  Rendering activities/index.html.erb within layouts/application
  [1m[36mActivity Load (1.3ms)[0m  [1m[34mSELECT "activities".* FROM "activities" WHERE "activities"."user_id" = $1 AND (titulo LIKE '%%' OR status LIKE '%%' OR relatorio LIKE '%%' OR edited_by LIKE '%%' OR nome_grupo LIKE '%%' OR local_realizacao_atividade LIKE '%%' OR relatorio LIKE '%%' OR status LIKE '%%' OR feedback LIKE '%%' OR edited_by LIKE '%%' OR nome_do_evento LIKE '%%') ORDER BY "activities"."status" DESC[0m  [["user_id", 2]]
  ↳ app/views/activities/index.html.erb:156
  Rendered activities/index.html.erb within layouts/application (9.3ms)
Completed 200 OK in 120ms (Views: 108.5ms | ActiveRecord: 4.5ms)


Started GET "/activities" for 127.0.0.1 at 2019-10-16 18:10:31 -0300
Processing by ActivitiesController#index as HTML
  [1m[36mUser Load (0.6ms)[0m  [1m[34mSELECT  "users".* FROM "users" WHERE "users"."id" = $1 ORDER BY "users"."id" ASC LIMIT $2[0m  [["id", 2], ["LIMIT", 1]]
  ↳ /home/lucas/.rbenv/versions/2.5.1/lib/ruby/gems/2.5.0/gems/activerecord-5.2.1/lib/active_record/log_subscriber.rb:98
  [1m[35m (0.7ms)[0m  [1m[34mSELECT COUNT(*) FROM "activities" WHERE (nome_usuario = 'teste')[0m
  ↳ app/controllers/activities_controller.rb:27
  Rendering activities/index.html.erb within layouts/application
  [1m[36mActivity Load (1.2ms)[0m  [1m[34mSELECT "activities".* FROM "activities" WHERE "activities"."user_id" = $1 AND (titulo LIKE '%%' OR status LIKE '%%' OR relatorio LIKE '%%' OR edited_by LIKE '%%' OR nome_grupo LIKE '%%' OR local_realizacao_atividade LIKE '%%' OR relatorio LIKE '%%' OR status LIKE '%%' OR feedback LIKE '%%' OR edited_by LIKE '%%' OR nome_do_evento LIKE '%%') ORDER BY "activities"."status" DESC[0m  [["user_id", 2]]
  ↳ app/views/activities/index.html.erb:156
  Rendered activities/index.html.erb within layouts/application (10.9ms)
Completed 200 OK in 97ms (Views: 87.5ms | ActiveRecord: 2.5ms)


Started GET "/activities" for 127.0.0.1 at 2019-10-16 18:17:53 -0300
Processing by ActivitiesController#index as HTML
  [1m[36mUser Load (1.4ms)[0m  [1m[34mSELECT  "users".* FROM "users" WHERE "users"."id" = $1 ORDER BY "users"."id" ASC LIMIT $2[0m  [["id", 2], ["LIMIT", 1]]
  ↳ /home/lucas/.rbenv/versions/2.5.1/lib/ruby/gems/2.5.0/gems/activerecord-5.2.1/lib/active_record/log_subscriber.rb:98
  [1m[35m (2.0ms)[0m  [1m[34mSELECT COUNT(*) FROM "activities" WHERE (nome_usuario = 'teste')[0m
  ↳ app/controllers/activities_controller.rb:27
  Rendering activities/index.html.erb within layouts/application
  [1m[36mActivity Load (1.1ms)[0m  [1m[34mSELECT "activities".* FROM "activities" WHERE "activities"."user_id" = $1 AND (titulo LIKE '%%' OR status LIKE '%%' OR relatorio LIKE '%%' OR edited_by LIKE '%%' OR nome_grupo LIKE '%%' OR local_realizacao_atividade LIKE '%%' OR relatorio LIKE '%%' OR status LIKE '%%' OR feedback LIKE '%%' OR edited_by LIKE '%%' OR nome_do_evento LIKE '%%') ORDER BY "activities"."status" DESC[0m  [["user_id", 2]]
  ↳ app/views/activities/index.html.erb:156
  Rendered activities/index.html.erb within layouts/application (8.2ms)
Completed 200 OK in 20529ms (Views: 20518.2ms | ActiveRecord: 4.5ms)


Started GET "/activities" for 127.0.0.1 at 2019-10-16 18:18:23 -0300
Processing by ActivitiesController#index as HTML
  [1m[36mUser Load (1.2ms)[0m  [1m[34mSELECT  "users".* FROM "users" WHERE "users"."id" = $1 ORDER BY "users"."id" ASC LIMIT $2[0m  [["id", 2], ["LIMIT", 1]]
  ↳ /home/lucas/.rbenv/versions/2.5.1/lib/ruby/gems/2.5.0/gems/activerecord-5.2.1/lib/active_record/log_subscriber.rb:98
  [1m[35m (1.5ms)[0m  [1m[34mSELECT COUNT(*) FROM "activities" WHERE (nome_usuario = 'teste')[0m
  ↳ app/controllers/activities_controller.rb:27
  Rendering activities/index.html.erb within layouts/application
  [1m[36mActivity Load (1.2ms)[0m  [1m[34mSELECT "activities".* FROM "activities" WHERE "activities"."user_id" = $1 AND (titulo LIKE '%%' OR status LIKE '%%' OR relatorio LIKE '%%' OR edited_by LIKE '%%' OR nome_grupo LIKE '%%' OR local_realizacao_atividade LIKE '%%' OR relatorio LIKE '%%' OR status LIKE '%%' OR feedback LIKE '%%' OR edited_by LIKE '%%' OR nome_do_evento LIKE '%%') ORDER BY "activities"."status" DESC[0m  [["user_id", 2]]
  ↳ app/views/activities/index.html.erb:156
  Rendered activities/index.html.erb within layouts/application (7.0ms)
Completed 200 OK in 3482ms (Views: 3473.2ms | ActiveRecord: 3.9ms)


Started GET "/activities" for 127.0.0.1 at 2019-10-16 18:18:30 -0300
Processing by ActivitiesController#index as HTML
  [1m[36mUser Load (0.6ms)[0m  [1m[34mSELECT  "users".* FROM "users" WHERE "users"."id" = $1 ORDER BY "users"."id" ASC LIMIT $2[0m  [["id", 2], ["LIMIT", 1]]
  ↳ /home/lucas/.rbenv/versions/2.5.1/lib/ruby/gems/2.5.0/gems/activerecord-5.2.1/lib/active_record/log_subscriber.rb:98
  [1m[35m (0.4ms)[0m  [1m[34mSELECT COUNT(*) FROM "activities" WHERE (nome_usuario = 'teste')[0m
  ↳ app/controllers/activities_controller.rb:27
  Rendering activities/index.html.erb within layouts/application
  [1m[36mActivity Load (0.9ms)[0m  [1m[34mSELECT "activities".* FROM "activities" WHERE "activities"."user_id" = $1 AND (titulo LIKE '%%' OR status LIKE '%%' OR relatorio LIKE '%%' OR edited_by LIKE '%%' OR nome_grupo LIKE '%%' OR local_realizacao_atividade LIKE '%%' OR relatorio LIKE '%%' OR status LIKE '%%' OR feedback LIKE '%%' OR edited_by LIKE '%%' OR nome_do_evento LIKE '%%') ORDER BY "activities"."status" DESC[0m  [["user_id", 2]]
  ↳ app/views/activities/index.html.erb:156
  Rendered activities/index.html.erb within layouts/application (7.2ms)
Completed 200 OK in 3309ms (Views: 3301.7ms | ActiveRecord: 2.0ms)


